[INFO ] 2023-11-15 10:24:45.910 [main] PagesTest - Before Test Executed....
[INFO ] 2023-11-15 10:24:47.166 [main] PagesTest - After Test Executed........
[INFO ] 2023-11-15 10:25:08.048 [main] PagesTest - Before Test Executed....
[INFO ] 2023-11-15 10:25:09.274 [main] PagesTest - After Test Executed........
[INFO ] 2023-11-15 10:25:49.654 [main] PagesTest - Before Test Executed....
[INFO ] 2023-11-15 10:26:09.267 [main] PagesTest - After Test Executed........
[INFO ] 2023-11-15 10:56:40.540 [main] PagesTest - Before Test Executed....
[INFO ] 2023-11-15 10:57:00.564 [main] PagesTest - After Test Executed........
[INFO ] 2023-11-15 10:58:41.593 [main] PagesTest - Before Test Executed....
[INFO ] 2023-11-15 10:59:01.316 [main] PagesTest - After Test Executed........
[INFO ] 2023-11-15 11:08:44.184 [main] PagesTest - Before Test Executed....
[INFO ] 2023-11-15 11:09:32.297 [main] PagesTest - Before Test Executed....
[INFO ] 2023-11-15 11:09:55.669 [main] PagesTest - After Test Executed........
[INFO ] 2023-11-15 12:04:16.525 [main] PagesTest - Before Test Executed....
[INFO ] 2023-11-15 12:04:16.606 [main] PagesTest - Verifying Home Page Title...
[INFO ] 2023-11-15 12:04:16.611 [main] PagesTest - Verifying Home Page Title success...
[INFO ] 2023-11-15 12:04:16.651 [main] PagesTest - Verifying Home Page Url...
[INFO ] 2023-11-15 12:04:16.651 [main] PagesTest - Verifying Home Page url successs...
[INFO ] 2023-11-15 12:04:17.013 [main] PagesTest - Verifying Home Page Header links...
[INFO ] 2023-11-15 12:04:17.014 [main] PagesTest - Verifying Home Page Header links Success...
[INFO ] 2023-11-15 12:04:17.160 [main] PagesTest - Verifying Home Page Footer links...
[INFO ] 2023-11-15 12:04:17.160 [main] PagesTest - Verifying Home Page Footer links Success...
[INFO ] 2023-11-15 12:04:17.174 [main] PagesTest - Verifying Home Page Products...
[INFO ] 2023-11-15 12:04:17.175 [main] PagesTest - Verifying Home Page Products Success...
[INFO ] 2023-11-15 12:04:17.218 [main] PagesTest - Verifying Home Page Products Title...
[INFO ] 2023-11-15 12:04:17.303 [main] PagesTest - Verifying Home Page logo...
[INFO ] 2023-11-15 12:04:17.303 [main] PagesTest - Verifying Home Page logo Success...
[INFO ] 2023-11-15 12:04:17.332 [main] PagesTest - verifying home page Customer Currency
[INFO ] 2023-11-15 12:04:17.332 [main] PagesTest - verifying home page Customer Currency Sucess...
[INFO ] 2023-11-15 12:04:18.395 [main] PagesTest - verifying Register page Title
[INFO ] 2023-11-15 12:04:18.395 [main] PagesTest - verifying Register page Title sucess...
[INFO ] 2023-11-15 12:04:18.405 [main] PagesTest - Verifying Register Page Url....
[INFO ] 2023-11-15 12:04:18.405 [main] PagesTest - Verifying Register Page Url Success....
[INFO ] 2023-11-15 12:04:20.400 [main] PagesTest - Verifying Register Page Registration....
[INFO ] 2023-11-15 12:04:22.749 [main] PagesTest - Verifying Register Page Registration....
[INFO ] 2023-11-15 12:04:23.411 [main] PagesTest - Verifying Register Page Registration....
[INFO ] 2023-11-15 12:04:23.419 [main] PagesTest - Verifying Login Page Title....
[INFO ] 2023-11-15 12:04:23.419 [main] PagesTest - Verifying Login Page Title Success....
[INFO ] 2023-11-15 12:04:23.432 [main] PagesTest - Verifying Login Page Url....
[INFO ] 2023-11-15 12:04:23.432 [main] PagesTest - Verifying Login Page Url Success....
[INFO ] 2023-11-15 12:04:23.504 [main] PagesTest - Verifying Login Page Texts....
[INFO ] 2023-11-15 12:04:23.504 [main] PagesTest - Verifying Login Page Texts Success....
[INFO ] 2023-11-15 12:04:23.540 [main] PagesTest - Verifying Login Page Info....
[INFO ] 2023-11-15 12:04:23.540 [main] PagesTest - Verifying Login Page Info Success....
[INFO ] 2023-11-15 12:04:24.699 [main] PagesTest - Verifying Login Page Action....
[INFO ] 2023-11-15 12:04:27.512 [main] PagesTest - Verifying AddToCart Page Title....
[INFO ] 2023-11-15 12:04:27.512 [main] PagesTest - Verifying AddToCart Page Title Success....
[INFO ] 2023-11-15 12:04:27.518 [main] PagesTest - Verifying AddToCart Page Url....
[INFO ] 2023-11-15 12:04:27.518 [main] PagesTest - Verifying AddToCart Page Url Success....
[INFO ] 2023-11-15 12:04:27.539 [main] PagesTest - Verifying AddToCart Page ProductName....
[INFO ] 2023-11-15 12:04:27.540 [main] PagesTest - Verifying AddToCart Page ProductName Sucess....
[INFO ] 2023-11-15 12:04:27.553 [main] PagesTest - Verifying AddToCart Page Product Description....
[INFO ] 2023-11-15 12:04:27.554 [main] PagesTest - Verifying AddToCart Page Product Description suceess....
[INFO ] 2023-11-15 12:04:27.599 [main] PagesTest - Verifying AddToCart Page Product Price....
[INFO ] 2023-11-15 12:04:27.599 [main] PagesTest - Verifying AddToCart Page Product Price Success....
[INFO ] 2023-11-15 12:04:27.687 [main] PagesTest - Verifying AddToCart Page Product Full Description....
[INFO ] 2023-11-15 12:04:27.688 [main] PagesTest - Verifying AddToCart Page Product Full Description Success....
[INFO ] 2023-11-15 12:04:29.925 [main] PagesTest - Verifying AddToCart Page Product Specification....
[INFO ] 2023-11-15 12:04:29.926 [main] PagesTest - Verifying AddToCart Page Product Specification Success....
[INFO ] 2023-11-15 12:04:29.981 [main] PagesTest - Verifying ShoppingCart Page Product in Cart....
[INFO ] 2023-11-15 12:04:29.981 [main] PagesTest - Verifying ShoppingCart Page Product in Cart Success....
[INFO ] 2023-11-15 12:04:29.988 [main] PagesTest - Verifying ShoppingCart Page Title....
[INFO ] 2023-11-15 12:04:29.988 [main] PagesTest - Verifying ShoppingCart Page Title Success....
[INFO ] 2023-11-15 12:04:30.008 [main] PagesTest - Verifying ShoppingCart Page Product Name....
[INFO ] 2023-11-15 12:04:30.009 [main] PagesTest - Verifying ShoppingCart Page Product Name Success....
[INFO ] 2023-11-15 12:04:30.015 [main] PagesTest - Verifying ShoppingCart Page Url....
[INFO ] 2023-11-15 12:04:30.016 [main] PagesTest - Verifying ShoppingCart Page Url Success....
[INFO ] 2023-11-15 12:04:30.039 [main] PagesTest - Verifying ShoppingCart Page Product Gift Wrapping....
[INFO ] 2023-11-15 12:04:30.160 [main] PagesTest - Verifying ShoppingCart Page Product Total table....
[INFO ] 2023-11-15 12:04:33.643 [main] PagesTest - Verifying ShoppingCart Page Click on Checkout....
[INFO ] 2023-11-15 12:04:33.650 [main] PagesTest - Verifying Address Page title....
[INFO ] 2023-11-15 12:04:33.650 [main] PagesTest - Verifying Address Page title Success....
[INFO ] 2023-11-15 12:04:33.659 [main] PagesTest - Verifying Address Page Url....
[INFO ] 2023-11-15 12:04:33.659 [main] PagesTest - Verifying Address Page Url Success....
[INFO ] 2023-11-15 12:04:33.697 [main] PagesTest - Verifying Address Page Logo....
[INFO ] 2023-11-15 12:04:33.698 [main] PagesTest - Verifying Address Page Logo Success....
[INFO ] 2023-11-15 12:04:35.637 [main] PagesTest - Verifying Address Page Sending Data....
[INFO ] 2023-11-15 12:04:35.661 [main] PagesTest - Verifying Payment Page Title....
[INFO ] 2023-11-15 12:04:35.663 [main] PagesTest - Verifying Payment Page Title Success....
[INFO ] 2023-11-15 12:04:35.685 [main] PagesTest - Verifying Payment Page Url....
[INFO ] 2023-11-15 12:04:35.686 [main] PagesTest - Verifying Payment Page Url Success....
[INFO ] 2023-11-15 12:04:36.008 [main] PagesTest - Verifying Payment Shipping Methods....
[INFO ] 2023-11-15 12:04:36.232 [main] PagesTest - Verifying Payment Page Click on shipping Continue....
[INFO ] 2023-11-15 12:04:36.533 [main] PagesTest - Verifying Payment Page Payment Methods....
[INFO ] 2023-11-15 12:04:36.758 [main] PagesTest - Verifying Payment Page payment Continue....
[INFO ] 2023-11-15 12:04:37.349 [main] PagesTest - Verifying Payment Page Payment Information....
[INFO ] 2023-11-15 12:04:37.350 [main] PagesTest - Verifying Payment Page Payment Information Success....
[INFO ] 2023-11-15 12:04:37.696 [main] PagesTest - Verifying Payment Page Billing Address....
[INFO ] 2023-11-15 12:04:37.697 [main] PagesTest - Verifying Payment Page Billing Address Success....
[INFO ] 2023-11-15 12:04:37.747 [main] PagesTest - Verifying Payment Page Shipping Address....
[INFO ] 2023-11-15 12:04:37.747 [main] PagesTest - Verifying Payment Page Shipping Address Success....
[INFO ] 2023-11-15 12:04:38.076 [main] PagesTest - Verifying Payment Page Final Table....
[INFO ] 2023-11-15 12:04:39.225 [main] PagesTest - Verifying Payment Page Order Number....
[INFO ] 2023-11-15 12:04:39.263 [main] PagesTest - Verifying Payment Page Order Number Matched....
[INFO ] 2023-11-15 12:04:40.694 [main] PagesTest - After Test Executed........
[INFO ] 2023-11-15 12:10:22.977 [main] PagesTest - Before Test Executed....
[INFO ] 2023-11-15 12:10:23.053 [main] PagesTest - Verifying Home Page Title...
[INFO ] 2023-11-15 12:10:23.057 [main] PagesTest - Verifying Home Page Title success...
[INFO ] 2023-11-15 12:10:23.085 [main] PagesTest - Verifying Home Page Url...
[INFO ] 2023-11-15 12:10:23.085 [main] PagesTest - Verifying Home Page url successs...
[INFO ] 2023-11-15 12:10:23.469 [main] PagesTest - Verifying Home Page Header links...
[INFO ] 2023-11-15 12:10:23.469 [main] PagesTest - Verifying Home Page Header links Success...
[INFO ] 2023-11-15 12:10:23.705 [main] PagesTest - Verifying Home Page Footer links...
[INFO ] 2023-11-15 12:10:23.705 [main] PagesTest - Verifying Home Page Footer links Success...
[INFO ] 2023-11-15 12:10:23.721 [main] PagesTest - Verifying Home Page Products...
[INFO ] 2023-11-15 12:10:23.721 [main] PagesTest - Verifying Home Page Products Success...
[INFO ] 2023-11-15 12:10:23.765 [main] PagesTest - Verifying Home Page Products Title...
[INFO ] 2023-11-15 12:10:23.821 [main] PagesTest - Verifying Home Page logo...
[INFO ] 2023-11-15 12:10:23.821 [main] PagesTest - Verifying Home Page logo Success...
[INFO ] 2023-11-15 12:10:23.845 [main] PagesTest - verifying home page Customer Currency
[INFO ] 2023-11-15 12:10:23.845 [main] PagesTest - verifying home page Customer Currency Sucess...
[INFO ] 2023-11-15 12:10:29.154 [main] PagesTest - verifying Register page Title
[INFO ] 2023-11-15 12:10:29.206 [main] PagesTest - Verifying Register Page Url....
[INFO ] 2023-11-15 12:10:35.041 [main] PagesTest - Verifying Register Page Registration....
[INFO ] 2023-11-15 12:10:36.884 [main] PagesTest - Verifying Register Page Registration....
[INFO ] 2023-11-15 12:10:37.791 [main] PagesTest - Verifying Register Page Registration....
[INFO ] 2023-11-15 12:10:37.799 [main] PagesTest - Verifying Login Page Title....
[INFO ] 2023-11-15 12:10:37.799 [main] PagesTest - Verifying Login Page Title Success....
[INFO ] 2023-11-15 12:10:37.801 [main] PagesTest - Verifying Login Page Url....
[INFO ] 2023-11-15 12:10:37.801 [main] PagesTest - Verifying Login Page Url Success....
[INFO ] 2023-11-15 12:10:37.930 [main] PagesTest - Verifying Login Page Texts....
[INFO ] 2023-11-15 12:10:37.930 [main] PagesTest - Verifying Login Page Texts Success....
[INFO ] 2023-11-15 12:10:37.991 [main] PagesTest - Verifying Login Page Info....
[INFO ] 2023-11-15 12:10:37.991 [main] PagesTest - Verifying Login Page Info Success....
[INFO ] 2023-11-15 12:10:39.327 [main] PagesTest - Verifying Login Page Action....
[INFO ] 2023-11-15 12:10:40.714 [main] PagesTest - Verifying AddToCart Page Title....
[INFO ] 2023-11-15 12:10:40.714 [main] PagesTest - Verifying AddToCart Page Title Success....
[INFO ] 2023-11-15 12:10:40.722 [main] PagesTest - Verifying AddToCart Page Url....
[INFO ] 2023-11-15 12:10:40.726 [main] PagesTest - Verifying AddToCart Page Url Success....
[INFO ] 2023-11-15 12:10:40.752 [main] PagesTest - Verifying AddToCart Page ProductName....
[INFO ] 2023-11-15 12:10:40.756 [main] PagesTest - Verifying AddToCart Page ProductName Sucess....
[INFO ] 2023-11-15 12:10:40.772 [main] PagesTest - Verifying AddToCart Page Product Description....
[INFO ] 2023-11-15 12:10:40.776 [main] PagesTest - Verifying AddToCart Page Product Description suceess....
[INFO ] 2023-11-15 12:10:40.814 [main] PagesTest - Verifying AddToCart Page Product Price....
[INFO ] 2023-11-15 12:10:40.814 [main] PagesTest - Verifying AddToCart Page Product Price Success....
[INFO ] 2023-11-15 12:10:40.876 [main] PagesTest - Verifying AddToCart Page Product Full Description....
[INFO ] 2023-11-15 12:10:40.876 [main] PagesTest - Verifying AddToCart Page Product Full Description Success....
[INFO ] 2023-11-15 12:10:42.973 [main] PagesTest - Verifying AddToCart Page Product Specification....
[INFO ] 2023-11-15 12:10:42.973 [main] PagesTest - Verifying AddToCart Page Product Specification Success....
[INFO ] 2023-11-15 12:10:43.037 [main] PagesTest - Verifying ShoppingCart Page Product in Cart....
[INFO ] 2023-11-15 12:10:43.037 [main] PagesTest - Verifying ShoppingCart Page Product in Cart Success....
[INFO ] 2023-11-15 12:10:43.053 [main] PagesTest - Verifying ShoppingCart Page Title....
[INFO ] 2023-11-15 12:10:43.053 [main] PagesTest - Verifying ShoppingCart Page Title Success....
[INFO ] 2023-11-15 12:10:43.084 [main] PagesTest - Verifying ShoppingCart Page Product Name....
[INFO ] 2023-11-15 12:10:43.084 [main] PagesTest - Verifying ShoppingCart Page Product Name Success....
[INFO ] 2023-11-15 12:10:43.100 [main] PagesTest - Verifying ShoppingCart Page Url....
[INFO ] 2023-11-15 12:10:43.100 [main] PagesTest - Verifying ShoppingCart Page Url Success....
[INFO ] 2023-11-15 12:10:43.122 [main] PagesTest - Verifying ShoppingCart Page Product Gift Wrapping....
[INFO ] 2023-11-15 12:10:43.269 [main] PagesTest - Verifying ShoppingCart Page Product Total table....
[INFO ] 2023-11-15 12:10:45.394 [main] PagesTest - Verifying ShoppingCart Page Click on Checkout....
[INFO ] 2023-11-15 12:10:45.394 [main] PagesTest - Verifying Address Page title....
[INFO ] 2023-11-15 12:10:45.394 [main] PagesTest - Verifying Address Page title Success....
[INFO ] 2023-11-15 12:10:45.410 [main] PagesTest - Verifying Address Page Url....
[INFO ] 2023-11-15 12:10:45.410 [main] PagesTest - Verifying Address Page Url Success....
[INFO ] 2023-11-15 12:10:45.463 [main] PagesTest - Verifying Address Page Logo....
[INFO ] 2023-11-15 12:10:45.463 [main] PagesTest - Verifying Address Page Logo Success....
[INFO ] 2023-11-15 12:10:47.519 [main] PagesTest - Verifying Address Page Sending Data....
[INFO ] 2023-11-15 12:10:47.528 [main] PagesTest - Verifying Payment Page Title....
[INFO ] 2023-11-15 12:10:47.528 [main] PagesTest - Verifying Payment Page Title Success....
[INFO ] 2023-11-15 12:10:47.536 [main] PagesTest - Verifying Payment Page Url....
[INFO ] 2023-11-15 12:10:47.536 [main] PagesTest - Verifying Payment Page Url Success....
[INFO ] 2023-11-15 12:10:47.952 [main] PagesTest - Verifying Payment Shipping Methods....
[INFO ] 2023-11-15 12:10:48.200 [main] PagesTest - Verifying Payment Page Click on shipping Continue....
[INFO ] 2023-11-15 12:10:48.559 [main] PagesTest - Verifying Payment Page Payment Methods....
[INFO ] 2023-11-15 12:10:48.791 [main] PagesTest - Verifying Payment Page payment Continue....
[INFO ] 2023-11-15 12:10:49.333 [main] PagesTest - Verifying Payment Page Payment Information....
[INFO ] 2023-11-15 12:10:49.333 [main] PagesTest - Verifying Payment Page Payment Information Success....
[INFO ] 2023-11-15 12:10:49.695 [main] PagesTest - Verifying Payment Page Billing Address....
[INFO ] 2023-11-15 12:10:49.695 [main] PagesTest - Verifying Payment Page Billing Address Success....
[INFO ] 2023-11-15 12:10:49.767 [main] PagesTest - Verifying Payment Page Shipping Address....
[INFO ] 2023-11-15 12:10:49.767 [main] PagesTest - Verifying Payment Page Shipping Address Success....
[INFO ] 2023-11-15 12:10:50.094 [main] PagesTest - Verifying Payment Page Final Table....
[INFO ] 2023-11-15 12:10:51.266 [main] PagesTest - Verifying Payment Page Order Number....
[INFO ] 2023-11-15 12:10:51.286 [main] PagesTest - Verifying Payment Page Order Number Matched....
[INFO ] 2023-11-15 12:10:52.905 [main] PagesTest - After Test Executed........
[INFO ] 2023-11-15 12:12:04.583 [main] PagesTest - Before Test Executed....
[INFO ] 2023-11-15 12:12:04.637 [main] PagesTest - Verifying Home Page Title...
[INFO ] 2023-11-15 12:12:04.640 [main] PagesTest - Verifying Home Page Title success...
[INFO ] 2023-11-15 12:12:04.668 [main] PagesTest - Verifying Home Page Url...
[INFO ] 2023-11-15 12:12:04.668 [main] PagesTest - Verifying Home Page url successs...
[INFO ] 2023-11-15 12:12:05.031 [main] PagesTest - Verifying Home Page Header links...
[INFO ] 2023-11-15 12:12:05.032 [main] PagesTest - Verifying Home Page Header links Success...
[INFO ] 2023-11-15 12:12:05.239 [main] PagesTest - Verifying Home Page Footer links...
[INFO ] 2023-11-15 12:12:05.239 [main] PagesTest - Verifying Home Page Footer links Success...
[INFO ] 2023-11-15 12:12:05.257 [main] PagesTest - Verifying Home Page Products...
[INFO ] 2023-11-15 12:12:05.257 [main] PagesTest - Verifying Home Page Products Success...
[INFO ] 2023-11-15 12:12:05.326 [main] PagesTest - Verifying Home Page Products Title...
[INFO ] 2023-11-15 12:12:05.418 [main] PagesTest - Verifying Home Page logo...
[INFO ] 2023-11-15 12:12:05.419 [main] PagesTest - Verifying Home Page logo Success...
[INFO ] 2023-11-15 12:12:05.443 [main] PagesTest - verifying home page Customer Currency
[INFO ] 2023-11-15 12:12:05.443 [main] PagesTest - verifying home page Customer Currency Sucess...
[INFO ] 2023-11-15 12:12:07.013 [main] PagesTest - verifying Register page Title
[INFO ] 2023-11-15 12:12:07.013 [main] PagesTest - verifying Register page Title sucess...
[INFO ] 2023-11-15 12:12:07.033 [main] PagesTest - Verifying Register Page Url....
[INFO ] 2023-11-15 12:12:07.033 [main] PagesTest - Verifying Register Page Url Success....
[INFO ] 2023-11-15 12:12:09.041 [main] PagesTest - Verifying Register Page Registration....
[INFO ] 2023-11-15 12:12:10.671 [main] PagesTest - Verifying Register Page Registration....
[INFO ] 2023-11-15 12:12:11.354 [main] PagesTest - Verifying Register Page Registration....
[INFO ] 2023-11-15 12:12:11.367 [main] PagesTest - Verifying Login Page Title....
[INFO ] 2023-11-15 12:12:11.367 [main] PagesTest - Verifying Login Page Title Success....
[INFO ] 2023-11-15 12:12:11.378 [main] PagesTest - Verifying Login Page Url....
[INFO ] 2023-11-15 12:12:11.379 [main] PagesTest - Verifying Login Page Url Success....
[INFO ] 2023-11-15 12:12:11.471 [main] PagesTest - Verifying Login Page Texts....
[INFO ] 2023-11-15 12:12:11.471 [main] PagesTest - Verifying Login Page Texts Success....
[INFO ] 2023-11-15 12:12:11.515 [main] PagesTest - Verifying Login Page Info....
[INFO ] 2023-11-15 12:12:11.515 [main] PagesTest - Verifying Login Page Info Success....
[INFO ] 2023-11-15 12:12:12.659 [main] PagesTest - Verifying Login Page Action....
[INFO ] 2023-11-15 12:12:14.053 [main] PagesTest - Verifying AddToCart Page Title....
[INFO ] 2023-11-15 12:12:14.054 [main] PagesTest - Verifying AddToCart Page Title Success....
[INFO ] 2023-11-15 12:12:14.065 [main] PagesTest - Verifying AddToCart Page Url....
[INFO ] 2023-11-15 12:12:14.065 [main] PagesTest - Verifying AddToCart Page Url Success....
[INFO ] 2023-11-15 12:12:14.097 [main] PagesTest - Verifying AddToCart Page ProductName....
[INFO ] 2023-11-15 12:12:14.098 [main] PagesTest - Verifying AddToCart Page ProductName Sucess....
[INFO ] 2023-11-15 12:12:14.120 [main] PagesTest - Verifying AddToCart Page Product Description....
[INFO ] 2023-11-15 12:12:14.120 [main] PagesTest - Verifying AddToCart Page Product Description suceess....
[INFO ] 2023-11-15 12:12:14.163 [main] PagesTest - Verifying AddToCart Page Product Price....
[INFO ] 2023-11-15 12:12:14.163 [main] PagesTest - Verifying AddToCart Page Product Price Success....
[INFO ] 2023-11-15 12:12:14.215 [main] PagesTest - Verifying AddToCart Page Product Full Description....
[INFO ] 2023-11-15 12:12:14.216 [main] PagesTest - Verifying AddToCart Page Product Full Description Success....
[INFO ] 2023-11-15 12:12:15.361 [main] PagesTest - Verifying AddToCart Page Product Specification....
[INFO ] 2023-11-15 12:12:15.362 [main] PagesTest - Verifying AddToCart Page Product Specification Success....
[INFO ] 2023-11-15 12:12:15.427 [main] PagesTest - Verifying ShoppingCart Page Product in Cart....
[INFO ] 2023-11-15 12:12:15.428 [main] PagesTest - Verifying ShoppingCart Page Product in Cart Success....
[INFO ] 2023-11-15 12:12:15.435 [main] PagesTest - Verifying ShoppingCart Page Title....
[INFO ] 2023-11-15 12:12:15.436 [main] PagesTest - Verifying ShoppingCart Page Title Success....
[INFO ] 2023-11-15 12:12:15.469 [main] PagesTest - Verifying ShoppingCart Page Product Name....
[INFO ] 2023-11-15 12:12:15.469 [main] PagesTest - Verifying ShoppingCart Page Product Name Success....
[INFO ] 2023-11-15 12:12:15.477 [main] PagesTest - Verifying ShoppingCart Page Url....
[INFO ] 2023-11-15 12:12:15.478 [main] PagesTest - Verifying ShoppingCart Page Url Success....
[INFO ] 2023-11-15 12:12:15.506 [main] PagesTest - Verifying ShoppingCart Page Product Gift Wrapping....
[INFO ] 2023-11-15 12:12:15.645 [main] PagesTest - Verifying ShoppingCart Page Product Total table....
[INFO ] 2023-11-15 12:12:17.734 [main] PagesTest - Verifying ShoppingCart Page Click on Checkout....
[INFO ] 2023-11-15 12:12:17.748 [main] PagesTest - Verifying Address Page title....
[INFO ] 2023-11-15 12:12:17.748 [main] PagesTest - Verifying Address Page title Success....
[INFO ] 2023-11-15 12:12:17.774 [main] PagesTest - Verifying Address Page Url....
[INFO ] 2023-11-15 12:12:17.774 [main] PagesTest - Verifying Address Page Url Success....
[INFO ] 2023-11-15 12:12:17.815 [main] PagesTest - Verifying Address Page Logo....
[INFO ] 2023-11-15 12:12:17.815 [main] PagesTest - Verifying Address Page Logo Success....
[INFO ] 2023-11-15 12:12:19.651 [main] PagesTest - Verifying Address Page Sending Data....
[INFO ] 2023-11-15 12:12:19.687 [main] PagesTest - Verifying Payment Page Title....
[INFO ] 2023-11-15 12:12:19.692 [main] PagesTest - Verifying Payment Page Title Success....
[INFO ] 2023-11-15 12:12:19.708 [main] PagesTest - Verifying Payment Page Url....
[INFO ] 2023-11-15 12:12:19.709 [main] PagesTest - Verifying Payment Page Url Success....
[INFO ] 2023-11-15 12:12:20.036 [main] PagesTest - Verifying Payment Shipping Methods....
[INFO ] 2023-11-15 12:12:20.267 [main] PagesTest - Verifying Payment Page Click on shipping Continue....
[INFO ] 2023-11-15 12:12:20.531 [main] PagesTest - Verifying Payment Page Payment Methods....
[INFO ] 2023-11-15 12:12:20.759 [main] PagesTest - Verifying Payment Page payment Continue....
[INFO ] 2023-11-15 12:12:21.275 [main] PagesTest - Verifying Payment Page Payment Information....
[INFO ] 2023-11-15 12:12:21.275 [main] PagesTest - Verifying Payment Page Payment Information Success....
[INFO ] 2023-11-15 12:12:21.557 [main] PagesTest - Verifying Payment Page Billing Address....
[INFO ] 2023-11-15 12:12:21.557 [main] PagesTest - Verifying Payment Page Billing Address Success....
[INFO ] 2023-11-15 12:12:21.614 [main] PagesTest - Verifying Payment Page Shipping Address....
[INFO ] 2023-11-15 12:12:21.614 [main] PagesTest - Verifying Payment Page Shipping Address Success....
[INFO ] 2023-11-15 12:12:21.953 [main] PagesTest - Verifying Payment Page Final Table....
[INFO ] 2023-11-15 12:12:22.862 [main] PagesTest - Verifying Payment Page Order Number....
[INFO ] 2023-11-15 12:12:22.910 [main] PagesTest - Verifying Payment Page Order Number Matched....
[INFO ] 2023-11-15 12:12:24.183 [main] PagesTest - After Test Executed........
[INFO ] 2023-11-15 12:14:44.627 [main] PagesTest - Before Test Executed....
[INFO ] 2023-11-15 12:14:44.698 [main] PagesTest - Verifying Home Page Title...
[INFO ] 2023-11-15 12:14:44.702 [main] PagesTest - Verifying Home Page Title success...
[INFO ] 2023-11-15 12:14:44.743 [main] PagesTest - Verifying Home Page Url...
[INFO ] 2023-11-15 12:14:44.743 [main] PagesTest - Verifying Home Page url successs...
[INFO ] 2023-11-15 12:14:45.057 [main] PagesTest - Verifying Home Page Header links...
[INFO ] 2023-11-15 12:14:45.057 [main] PagesTest - Verifying Home Page Header links Success...
[INFO ] 2023-11-15 12:14:45.318 [main] PagesTest - Verifying Home Page Footer links...
[INFO ] 2023-11-15 12:14:45.319 [main] PagesTest - Verifying Home Page Footer links Success...
[INFO ] 2023-11-15 12:14:45.338 [main] PagesTest - Verifying Home Page Products...
[INFO ] 2023-11-15 12:14:45.339 [main] PagesTest - Verifying Home Page Products Success...
[INFO ] 2023-11-15 12:14:45.427 [main] PagesTest - Verifying Home Page Products Title...
[INFO ] 2023-11-15 12:14:45.486 [main] PagesTest - Verifying Home Page logo...
[INFO ] 2023-11-15 12:14:45.486 [main] PagesTest - Verifying Home Page logo Success...
[INFO ] 2023-11-15 12:14:45.508 [main] PagesTest - verifying home page Customer Currency
[INFO ] 2023-11-15 12:14:45.509 [main] PagesTest - verifying home page Customer Currency Sucess...
[INFO ] 2023-11-15 12:14:46.557 [main] PagesTest - verifying Register page Title
[INFO ] 2023-11-15 12:14:46.557 [main] PagesTest - verifying Register page Title sucess...
[INFO ] 2023-11-15 12:14:46.567 [main] PagesTest - Verifying Register Page Url....
[INFO ] 2023-11-15 12:14:46.567 [main] PagesTest - Verifying Register Page Url Success....
[INFO ] 2023-11-15 12:14:48.619 [main] PagesTest - Verifying Register Page Registration....
[INFO ] 2023-11-15 12:14:50.677 [main] PagesTest - Verifying Register Page Registration....
[INFO ] 2023-11-15 12:14:51.300 [main] PagesTest - Verifying Register Page Registration....
[INFO ] 2023-11-15 12:14:51.312 [main] PagesTest - Verifying Login Page Title....
[INFO ] 2023-11-15 12:14:51.312 [main] PagesTest - Verifying Login Page Title Success....
[INFO ] 2023-11-15 12:14:51.320 [main] PagesTest - Verifying Login Page Url....
[INFO ] 2023-11-15 12:14:51.324 [main] PagesTest - Verifying Login Page Url Success....
[INFO ] 2023-11-15 12:14:51.402 [main] PagesTest - Verifying Login Page Texts....
[INFO ] 2023-11-15 12:14:51.403 [main] PagesTest - Verifying Login Page Texts Success....
[INFO ] 2023-11-15 12:14:51.442 [main] PagesTest - Verifying Login Page Info....
[INFO ] 2023-11-15 12:14:51.442 [main] PagesTest - Verifying Login Page Info Success....
[INFO ] 2023-11-15 12:14:52.434 [main] PagesTest - Verifying Login Page Action....
[INFO ] 2023-11-15 12:14:53.579 [main] PagesTest - Verifying AddToCart Page Title....
[INFO ] 2023-11-15 12:14:53.581 [main] PagesTest - Verifying AddToCart Page Title Success....
[INFO ] 2023-11-15 12:14:53.590 [main] PagesTest - Verifying AddToCart Page Url....
[INFO ] 2023-11-15 12:14:53.591 [main] PagesTest - Verifying AddToCart Page Url Success....
[INFO ] 2023-11-15 12:14:53.616 [main] PagesTest - Verifying AddToCart Page ProductName....
[INFO ] 2023-11-15 12:14:53.617 [main] PagesTest - Verifying AddToCart Page ProductName Sucess....
[INFO ] 2023-11-15 12:14:53.641 [main] PagesTest - Verifying AddToCart Page Product Description....
[INFO ] 2023-11-15 12:14:53.642 [main] PagesTest - Verifying AddToCart Page Product Description suceess....
[INFO ] 2023-11-15 12:14:53.680 [main] PagesTest - Verifying AddToCart Page Product Price....
[INFO ] 2023-11-15 12:14:53.680 [main] PagesTest - Verifying AddToCart Page Product Price Success....
[INFO ] 2023-11-15 12:14:53.737 [main] PagesTest - Verifying AddToCart Page Product Full Description....
[INFO ] 2023-11-15 12:14:53.738 [main] PagesTest - Verifying AddToCart Page Product Full Description Success....
[INFO ] 2023-11-15 12:14:54.832 [main] PagesTest - Verifying AddToCart Page Product Specification....
[INFO ] 2023-11-15 12:14:54.832 [main] PagesTest - Verifying AddToCart Page Product Specification Success....
[INFO ] 2023-11-15 12:14:54.883 [main] PagesTest - Verifying ShoppingCart Page Product in Cart....
[INFO ] 2023-11-15 12:14:54.883 [main] PagesTest - Verifying ShoppingCart Page Product in Cart Success....
[INFO ] 2023-11-15 12:14:54.894 [main] PagesTest - Verifying ShoppingCart Page Title....
[INFO ] 2023-11-15 12:14:54.895 [main] PagesTest - Verifying ShoppingCart Page Title Success....
[INFO ] 2023-11-15 12:14:54.916 [main] PagesTest - Verifying ShoppingCart Page Product Name....
[INFO ] 2023-11-15 12:14:54.916 [main] PagesTest - Verifying ShoppingCart Page Product Name Success....
[INFO ] 2023-11-15 12:14:54.927 [main] PagesTest - Verifying ShoppingCart Page Url....
[INFO ] 2023-11-15 12:14:54.928 [main] PagesTest - Verifying ShoppingCart Page Url Success....
[INFO ] 2023-11-15 12:14:54.965 [main] PagesTest - Verifying ShoppingCart Page Product Gift Wrapping....
[INFO ] 2023-11-15 12:14:55.089 [main] PagesTest - Verifying ShoppingCart Page Product Total table....
[INFO ] 2023-11-15 12:14:57.200 [main] PagesTest - Verifying ShoppingCart Page Click on Checkout....
[INFO ] 2023-11-15 12:14:57.214 [main] PagesTest - Verifying Address Page title....
[INFO ] 2023-11-15 12:14:57.214 [main] PagesTest - Verifying Address Page title Success....
[INFO ] 2023-11-15 12:14:57.223 [main] PagesTest - Verifying Address Page Url....
[INFO ] 2023-11-15 12:14:57.223 [main] PagesTest - Verifying Address Page Url Success....
[INFO ] 2023-11-15 12:14:57.279 [main] PagesTest - Verifying Address Page Logo....
[INFO ] 2023-11-15 12:14:57.279 [main] PagesTest - Verifying Address Page Logo Success....
[INFO ] 2023-11-15 12:14:59.154 [main] PagesTest - Verifying Address Page Sending Data....
[INFO ] 2023-11-15 12:14:59.179 [main] PagesTest - Verifying Payment Page Title....
[INFO ] 2023-11-15 12:14:59.181 [main] PagesTest - Verifying Payment Page Title Success....
[INFO ] 2023-11-15 12:14:59.202 [main] PagesTest - Verifying Payment Page Url....
[INFO ] 2023-11-15 12:14:59.203 [main] PagesTest - Verifying Payment Page Url Success....
[INFO ] 2023-11-15 12:14:59.381 [main] PagesTest - Verifying Payment Shipping Methods....
[INFO ] 2023-11-15 12:14:59.616 [main] PagesTest - Verifying Payment Page Click on shipping Continue....
[INFO ] 2023-11-15 12:14:59.888 [main] PagesTest - Verifying Payment Page Payment Methods....
[INFO ] 2023-11-15 12:15:00.113 [main] PagesTest - Verifying Payment Page payment Continue....
[INFO ] 2023-11-15 12:15:00.577 [main] PagesTest - Verifying Payment Page Payment Information....
[INFO ] 2023-11-15 12:15:00.578 [main] PagesTest - Verifying Payment Page Payment Information Success....
[INFO ] 2023-11-15 12:15:00.846 [main] PagesTest - Verifying Payment Page Billing Address....
[INFO ] 2023-11-15 12:15:00.847 [main] PagesTest - Verifying Payment Page Billing Address Success....
[INFO ] 2023-11-15 12:15:00.908 [main] PagesTest - Verifying Payment Page Shipping Address....
[INFO ] 2023-11-15 12:15:00.908 [main] PagesTest - Verifying Payment Page Shipping Address Success....
[INFO ] 2023-11-15 12:15:01.219 [main] PagesTest - Verifying Payment Page Final Table....
[INFO ] 2023-11-15 12:15:01.956 [main] PagesTest - Verifying Payment Page Order Number....
[INFO ] 2023-11-15 12:15:01.996 [main] PagesTest - Verifying Payment Page Order Number Matched....
[INFO ] 2023-11-15 12:15:03.183 [main] PagesTest - After Test Executed........
[INFO ] 2023-11-15 12:15:31.056 [main] PagesTest - Before Test Executed....
[INFO ] 2023-11-15 12:15:31.117 [main] PagesTest - Verifying Home Page Title...
[INFO ] 2023-11-15 12:15:31.121 [main] PagesTest - Verifying Home Page Title success...
[INFO ] 2023-11-15 12:15:31.154 [main] PagesTest - Verifying Home Page Url...
[INFO ] 2023-11-15 12:15:31.155 [main] PagesTest - Verifying Home Page url successs...
[INFO ] 2023-11-15 12:15:31.483 [main] PagesTest - Verifying Home Page Header links...
[INFO ] 2023-11-15 12:15:31.483 [main] PagesTest - Verifying Home Page Header links Success...
[INFO ] 2023-11-15 12:15:31.653 [main] PagesTest - Verifying Home Page Footer links...
[INFO ] 2023-11-15 12:15:31.654 [main] PagesTest - Verifying Home Page Footer links Success...
[INFO ] 2023-11-15 12:15:31.668 [main] PagesTest - Verifying Home Page Products...
[INFO ] 2023-11-15 12:15:31.668 [main] PagesTest - Verifying Home Page Products Success...
[INFO ] 2023-11-15 12:15:31.718 [main] PagesTest - Verifying Home Page Products Title...
[INFO ] 2023-11-15 12:15:31.778 [main] PagesTest - Verifying Home Page logo...
[INFO ] 2023-11-15 12:15:31.778 [main] PagesTest - Verifying Home Page logo Success...
[INFO ] 2023-11-15 12:15:31.823 [main] PagesTest - verifying home page Customer Currency
[INFO ] 2023-11-15 12:15:31.823 [main] PagesTest - verifying home page Customer Currency Sucess...
[INFO ] 2023-11-15 12:15:33.433 [main] PagesTest - verifying Register page Title
[INFO ] 2023-11-15 12:15:33.433 [main] PagesTest - verifying Register page Title sucess...
[INFO ] 2023-11-15 12:15:33.448 [main] PagesTest - Verifying Register Page Url....
[INFO ] 2023-11-15 12:15:33.448 [main] PagesTest - Verifying Register Page Url Success....
[INFO ] 2023-11-15 12:15:35.514 [main] PagesTest - Verifying Register Page Registration....
[INFO ] 2023-11-15 12:15:37.112 [main] PagesTest - Verifying Register Page Registration....
[INFO ] 2023-11-15 12:15:37.761 [main] PagesTest - Verifying Register Page Registration....
[INFO ] 2023-11-15 12:15:37.774 [main] PagesTest - Verifying Login Page Title....
[INFO ] 2023-11-15 12:15:37.774 [main] PagesTest - Verifying Login Page Title Success....
[INFO ] 2023-11-15 12:15:37.790 [main] PagesTest - Verifying Login Page Url....
[INFO ] 2023-11-15 12:15:37.792 [main] PagesTest - Verifying Login Page Url Success....
[INFO ] 2023-11-15 12:15:37.879 [main] PagesTest - Verifying Login Page Texts....
[INFO ] 2023-11-15 12:15:37.880 [main] PagesTest - Verifying Login Page Texts Success....
[INFO ] 2023-11-15 12:15:37.915 [main] PagesTest - Verifying Login Page Info....
[INFO ] 2023-11-15 12:15:37.915 [main] PagesTest - Verifying Login Page Info Success....
[INFO ] 2023-11-15 12:15:39.039 [main] PagesTest - Verifying Login Page Action....
[INFO ] 2023-11-15 12:15:40.226 [main] PagesTest - Verifying AddToCart Page Title....
[INFO ] 2023-11-15 12:15:40.227 [main] PagesTest - Verifying AddToCart Page Title Success....
[INFO ] 2023-11-15 12:15:40.239 [main] PagesTest - Verifying AddToCart Page Url....
[INFO ] 2023-11-15 12:15:40.239 [main] PagesTest - Verifying AddToCart Page Url Success....
[INFO ] 2023-11-15 12:15:40.259 [main] PagesTest - Verifying AddToCart Page ProductName....
[INFO ] 2023-11-15 12:15:40.260 [main] PagesTest - Verifying AddToCart Page ProductName Sucess....
[INFO ] 2023-11-15 12:15:40.289 [main] PagesTest - Verifying AddToCart Page Product Description....
[INFO ] 2023-11-15 12:15:40.289 [main] PagesTest - Verifying AddToCart Page Product Description suceess....
[INFO ] 2023-11-15 12:15:40.330 [main] PagesTest - Verifying AddToCart Page Product Price....
[INFO ] 2023-11-15 12:15:40.330 [main] PagesTest - Verifying AddToCart Page Product Price Success....
[INFO ] 2023-11-15 12:15:40.391 [main] PagesTest - Verifying AddToCart Page Product Full Description....
[INFO ] 2023-11-15 12:15:40.392 [main] PagesTest - Verifying AddToCart Page Product Full Description Success....
[INFO ] 2023-11-15 12:15:42.333 [main] PagesTest - Verifying AddToCart Page Product Specification....
[INFO ] 2023-11-15 12:15:42.333 [main] PagesTest - Verifying AddToCart Page Product Specification Success....
[INFO ] 2023-11-15 12:15:42.390 [main] PagesTest - Verifying ShoppingCart Page Product in Cart....
[INFO ] 2023-11-15 12:15:42.390 [main] PagesTest - Verifying ShoppingCart Page Product in Cart Success....
[INFO ] 2023-11-15 12:15:42.396 [main] PagesTest - Verifying ShoppingCart Page Title....
[INFO ] 2023-11-15 12:15:42.396 [main] PagesTest - Verifying ShoppingCart Page Title Success....
[INFO ] 2023-11-15 12:15:42.420 [main] PagesTest - Verifying ShoppingCart Page Product Name....
[INFO ] 2023-11-15 12:15:42.420 [main] PagesTest - Verifying ShoppingCart Page Product Name Success....
[INFO ] 2023-11-15 12:15:42.426 [main] PagesTest - Verifying ShoppingCart Page Url....
[INFO ] 2023-11-15 12:15:42.426 [main] PagesTest - Verifying ShoppingCart Page Url Success....
[INFO ] 2023-11-15 12:15:42.452 [main] PagesTest - Verifying ShoppingCart Page Product Gift Wrapping....
[INFO ] 2023-11-15 12:15:42.574 [main] PagesTest - Verifying ShoppingCart Page Product Total table....
[INFO ] 2023-11-15 12:15:44.773 [main] PagesTest - Verifying ShoppingCart Page Click on Checkout....
[INFO ] 2023-11-15 12:15:44.783 [main] PagesTest - Verifying Address Page title....
[INFO ] 2023-11-15 12:15:44.784 [main] PagesTest - Verifying Address Page title Success....
[INFO ] 2023-11-15 12:15:44.793 [main] PagesTest - Verifying Address Page Url....
[INFO ] 2023-11-15 12:15:44.794 [main] PagesTest - Verifying Address Page Url Success....
[INFO ] 2023-11-15 12:15:44.854 [main] PagesTest - Verifying Address Page Logo....
[INFO ] 2023-11-15 12:15:44.854 [main] PagesTest - Verifying Address Page Logo Success....
[INFO ] 2023-11-15 12:15:46.733 [main] PagesTest - Verifying Address Page Sending Data....
[INFO ] 2023-11-15 12:15:46.771 [main] PagesTest - Verifying Payment Page Title....
[INFO ] 2023-11-15 12:15:46.773 [main] PagesTest - Verifying Payment Page Title Success....
[INFO ] 2023-11-15 12:15:46.792 [main] PagesTest - Verifying Payment Page Url....
[INFO ] 2023-11-15 12:15:46.793 [main] PagesTest - Verifying Payment Page Url Success....
[INFO ] 2023-11-15 12:15:47.003 [main] PagesTest - Verifying Payment Shipping Methods....
[INFO ] 2023-11-15 12:15:47.235 [main] PagesTest - Verifying Payment Page Click on shipping Continue....
[INFO ] 2023-11-15 12:15:47.503 [main] PagesTest - Verifying Payment Page Payment Methods....
[INFO ] 2023-11-15 12:15:47.739 [main] PagesTest - Verifying Payment Page payment Continue....
[INFO ] 2023-11-15 12:15:48.211 [main] PagesTest - Verifying Payment Page Payment Information....
[INFO ] 2023-11-15 12:15:48.213 [main] PagesTest - Verifying Payment Page Payment Information Success....
[INFO ] 2023-11-15 12:15:48.454 [main] PagesTest - Verifying Payment Page Billing Address....
[INFO ] 2023-11-15 12:15:48.454 [main] PagesTest - Verifying Payment Page Billing Address Success....
[INFO ] 2023-11-15 12:15:48.513 [main] PagesTest - Verifying Payment Page Shipping Address....
[INFO ] 2023-11-15 12:15:48.513 [main] PagesTest - Verifying Payment Page Shipping Address Success....
[INFO ] 2023-11-15 12:15:48.815 [main] PagesTest - Verifying Payment Page Final Table....
[INFO ] 2023-11-15 12:15:49.609 [main] PagesTest - Verifying Payment Page Order Number....
[INFO ] 2023-11-15 12:15:49.655 [main] PagesTest - Verifying Payment Page Order Number Matched....
[INFO ] 2023-11-15 12:15:51.050 [main] PagesTest - After Test Executed........
